{
  "RSpec": {
    "coverage": {
      "/Users/jasl/workspace/ruby/district_cn/spec/code_spec.rb": [
        null,
        1,
        1,
        12,
        null,
        1,
        1,
        1,
        null,
        null,
        1,
        1,
        1,
        null,
        null,
        1,
        1,
        1,
        1,
        1,
        1,
        null,
        null,
        1,
        1,
        1,
        1,
        1,
        1,
        null,
        null,
        1,
        1,
        1,
        1,
        1,
        1,
        null,
        null,
        1,
        1,
        1,
        1,
        null,
        1,
        1,
        1,
        null,
        1,
        1,
        1,
        null,
        null,
        1,
        1,
        1,
        1,
        null,
        1,
        1,
        null,
        null,
        1,
        1,
        1,
        1,
        null,
        null,
        1,
        1,
        1,
        null,
        1,
        1,
        null,
        null,
        1,
        1,
        1,
        1,
        null,
        null,
        1,
        1,
        1,
        1,
        1,
        1,
        null,
        1,
        1,
        1,
        1,
        null,
        1,
        1,
        1,
        1,
        null,
        null,
        null,
        null,
        null,
        null
      ],
      "/Users/jasl/workspace/ruby/district_cn/lib/district_cn/code.rb": [
        1,
        1,
        1,
        null,
        1,
        1,
        null,
        1,
        63,
        63,
        null,
        null,
        1,
        1,
        null,
        null,
        1,
        3,
        null,
        null,
        1,
        4,
        null,
        35,
        null,
        null,
        null,
        1,
        16,
        16,
        16,
        16,
        null,
        null,
        1,
        11,
        null,
        null,
        1,
        7,
        null,
        null,
        1,
        5,
        null,
        null,
        1,
        null,
        99,
        null,
        null,
        1,
        40,
        null,
        null,
        1,
        14,
        null,
        null,
        1,
        7,
        null,
        null,
        1,
        7,
        null,
        null,
        1,
        6,
        null,
        null,
        1,
        null,
        null,
        29,
        65,
        null,
        null,
        1,
        null,
        null,
        18,
        106,
        null,
        null,
        1,
        null,
        null,
        8,
        39,
        null,
        null,
        1,
        1,
        230,
        null,
        null,
        1,
        81,
        null,
        null,
        1,
        37,
        null,
        null,
        null,
        null
      ],
      "/Users/jasl/workspace/ruby/district_cn/lib/district_cn/as_options.rb": [
        1,
        1,
        1,
        null,
        null,
        null,
        null,
        null,
        null,
        null,
        null,
        1,
        3,
        3,
        3,
        3,
        null,
        3,
        3,
        3,
        3,
        null,
        null,
        1,
        1,
        3,
        93,
        null,
        null,
        null,
        1,
        3,
        3,
        33,
        null,
        null,
        null,
        1,
        3,
        2,
        20,
        null,
        null,
        null,
        null,
        null
      ],
      "/Users/jasl/workspace/ruby/district_cn/spec/db_spec.rb": [
        null,
        1,
        1,
        1,
        5,
        null,
        1,
        1,
        null,
        null,
        1,
        1,
        1,
        1,
        1,
        null,
        null,
        1,
        1,
        1,
        1,
        1,
        null,
        null,
        1,
        1,
        1,
        1,
        null,
        null,
        null,
        null
      ],
      "/Users/jasl/workspace/ruby/district_cn/spec/district_cn_spec.rb": [
        null,
        1,
        1,
        1,
        1,
        1,
        null,
        null,
        1,
        1,
        1,
        null,
        null,
        1,
        1,
        1,
        1,
        null,
        1,
        1,
        null,
        null
      ]
    },
    "timestamp": 1378105942
  }
}
